<?xml version="1.0" encoding="UTF-8"?>
<!-- Generated by org.testng.reporters.JUnitReportReporter -->
<testsuite hostname="DESKTOP-3P7AS3N" failures="0" tests="6" name="smokeTest.homePage" time="18.101" errors="0" timestamp="2024-02-14T15:54:22 IST" skipped="0">
  <testcase classname="smokeTest.homePage" name="openMagentoWebsite" time="5.655"/>
  <system-out/>
  <testcase classname="smokeTest.homePage" name="search" time="2.729"/>
  <system-out/>
  <testcase classname="smokeTest.homePage" name="print" time="0.066"/>
  <system-out/>
  <testcase classname="smokeTest.homePage" name="printCategories" time="0.147"/>
  <system-out/>
  <testcase classname="smokeTest.homePage" name="loginFunctionality" time="4.768"/>
  <system-out/>
  <testcase classname="smokeTest.homePage" name="filterFunctionality" time="4.736"/>
  <system-out/>
</testsuite> <!-- smokeTest.homePage -->
